2025-02-22 22:18:34,736 - INFO - Starting authentication event generation and upload
2025-02-22 22:18:34,901 - INFO - PUT https://52.66.102.200:9200/_template/ocsf-1.1.0-3002-authentication [status:200 request:0.165s]
2025-02-22 22:18:34,901 - INFO - Successfully created index template: ocsf-1.1.0-3002-authentication
2025-02-22 22:18:34,902 - INFO - Processing batch 1
2025-02-22 22:18:35,119 - INFO - POST https://52.66.102.200:9200/_bulk [status:200 request:0.217s]
2025-02-22 22:18:35,120 - INFO - Batch 1: 5 successful, 0 failed
2025-02-22 22:18:35,120 - INFO - Processing batch 2
2025-02-22 22:18:35,161 - INFO - POST https://52.66.102.200:9200/_bulk [status:200 request:0.040s]
2025-02-22 22:18:35,162 - INFO - Batch 2: 5 successful, 0 failed
2025-02-22 22:18:35,162 - INFO - ==================================================
2025-02-22 22:18:35,162 - INFO - Upload complete to index: ocsf-1.1.0-3002-authentication-2025.02.22-000000
2025-02-22 22:18:35,162 - INFO - Total events processed: 10
2025-02-22 22:18:35,162 - INFO - Successfully uploaded: 10
2025-02-22 22:18:35,162 - INFO - Failed uploads: 0
2025-02-22 22:18:35,162 - INFO - Success rate: 100.00%
2025-02-22 22:18:35,162 - INFO - ==================================================
2025-02-22 23:41:00,436 - INFO - Starting authentication event generation and upload
2025-02-22 23:41:00,570 - INFO - PUT https://52.66.102.200:9200/_template/ocsf-1.1.0-3002-authentication [status:200 request:0.133s]
2025-02-22 23:41:00,570 - INFO - Successfully created index template: ocsf-1.1.0-3002-authentication
2025-02-22 23:41:00,570 - INFO - Processing batch 1
2025-02-22 23:41:00,719 - INFO - POST https://52.66.102.200:9200/_bulk [status:200 request:0.148s]
2025-02-22 23:41:00,720 - INFO - Batch 1: 5 successful, 0 failed
2025-02-22 23:41:00,720 - INFO - Processing batch 2
2025-02-22 23:41:00,844 - INFO - POST https://52.66.102.200:9200/_bulk [status:200 request:0.124s]
2025-02-22 23:41:00,845 - INFO - Batch 2: 5 successful, 0 failed
2025-02-22 23:41:00,845 - INFO - ==================================================
2025-02-22 23:41:00,845 - INFO - Upload complete to index: ocsf-1.1.0-3002-authentication-2025.02.22-000000
2025-02-22 23:41:00,845 - INFO - Total events processed: 10
2025-02-22 23:41:00,845 - INFO - Successfully uploaded: 10
2025-02-22 23:41:00,845 - INFO - Failed uploads: 0
2025-02-22 23:41:00,845 - INFO - Success rate: 100.00%
2025-02-22 23:41:00,845 - INFO - ==================================================
